<?xml version="1.0" encoding="UTF-8"?>
<!-- Generated by org.testng.reporters.JUnitReportReporter -->
<testsuite skipped="0" hostname="DESKTOP-HKNTGCF" name="com.ebanking.master.Exepom_Branch" tests="1" failures="0" timestamp="18 May 2020 11:36:06 GMT" time="19.500" errors="0">
  <testcase name="rndHPLogin" time="19.500" classname="com.ebanking.master.Exepom_Branch"/>
</testsuite> <!-- com.ebanking.master.Exepom_Branch -->
