<?xml version="1.0" encoding="UTF-8"?>
<!-- Generated by org.testng.reporters.JUnitReportReporter -->
<testsuite skipped="0" hostname="DESKTOP-HKNTGCF" name="com.ebanking.master.RoleNg" tests="2" failures="0" timestamp="04 May 2020 12:16:12 GMT" time="5.914" errors="0">
  <testcase name="role" time="5.905" classname="com.ebanking.master.RoleNg"/>
  <testcase name="print" time="0.009" classname="com.ebanking.master.RoleNg"/>
</testsuite> <!-- com.ebanking.master.RoleNg -->
