<?xml version="1.0" encoding="UTF-8"?>
<!-- Generated by org.testng.reporters.JUnitReportReporter -->
<testsuite skipped="0" hostname="DESKTOP-HKNTGCF" name="com.ebanking.master.Multiply_EmployeeNg" tests="2" failures="0" timestamp="05 May 2020 08:33:30 GMT" time="10.627" errors="0">
  <testcase name="Empoyle" time="4.751" classname="com.ebanking.master.Multiply_EmployeeNg"/>
  <testcase name="Empoyle" time="5.876" classname="com.ebanking.master.Multiply_EmployeeNg"/>
</testsuite> <!-- com.ebanking.master.Multiply_EmployeeNg -->
