<?xml version="1.0" encoding="UTF-8"?>
<!-- Generated by org.testng.reporters.JUnitReportReporter -->
<testsuite skipped="0" hostname="DESKTOP-HKNTGCF" name="com.ebanking.master.ExePomEmployee" tests="1" failures="0" timestamp="07 May 2020 08:13:04 GMT" time="21.458" errors="0">
  <testcase name="rndHPLogin" time="21.458" classname="com.ebanking.master.ExePomEmployee"/>
</testsuite> <!-- com.ebanking.master.ExePomEmployee -->
