<?xml version="1.0" encoding="UTF-8"?>
<!-- Generated by org.testng.reporters.JUnitReportReporter -->
<testsuite skipped="0" hostname="DESKTOP-HKNTGCF" name="com.ebanking.master.Multiply_BranchNG" tests="3" failures="0" timestamp="12 May 2020 08:44:14 GMT" time="11.560" errors="0">
  <testcase name="branch" time="2.777" classname="com.ebanking.master.Multiply_BranchNG"/>
  <testcase name="branch" time="5.814" classname="com.ebanking.master.Multiply_BranchNG"/>
  <testcase name="branch" time="2.969" classname="com.ebanking.master.Multiply_BranchNG"/>
</testsuite> <!-- com.ebanking.master.Multiply_BranchNG -->
