<?xml version="1.0" encoding="UTF-8"?>
<!-- Generated by org.testng.reporters.JUnitReportReporter -->
<testsuite skipped="0" hostname="DESKTOP-HKNTGCF" name="com.ebanking.master.EmployeeNg" tests="2" failures="0" timestamp="05 May 2020 08:28:02 GMT" time="5.188" errors="0">
  <testcase name="print" time="0.002" classname="com.ebanking.master.EmployeeNg"/>
  <testcase name="employee" time="5.186" classname="com.ebanking.master.EmployeeNg"/>
</testsuite> <!-- com.ebanking.master.EmployeeNg -->
