<?xml version="1.0" encoding="UTF-8"?>
<!-- Generated by org.testng.reporters.JUnitReportReporter -->
<testsuite skipped="0" hostname="DESKTOP-HKNTGCF" name="com.ebanking.master.ExePom_Roles" tests="1" failures="0" timestamp="07 May 2020 08:09:15 GMT" time="17.613" errors="0">
  <testcase name="rndHPLogin" time="17.613" classname="com.ebanking.master.ExePom_Roles"/>
</testsuite> <!-- com.ebanking.master.ExePom_Roles -->
