<?xml version="1.0" encoding="UTF-8"?>
<!-- Generated by org.testng.reporters.JUnitReportReporter -->
<testsuite skipped="0" hostname="DESKTOP-HKNTGCF" name="com.ebanking.master.BranchNG" tests="1" failures="0" timestamp="04 May 2020 12:17:49 GMT" time="0.009" errors="0">
  <testcase name="print" time="0.009" classname="com.ebanking.master.BranchNG"/>
</testsuite> <!-- com.ebanking.master.BranchNG -->
