<?xml version="1.0" encoding="UTF-8"?>
<!-- Generated by org.testng.reporters.JUnitReportReporter -->
<testsuite skipped="0" hostname="DESKTOP-HKNTGCF" name="com.ebanking.master.Multiply_RoleNg" tests="3" failures="0" timestamp="04 May 2020 12:07:25 GMT" time="11.994" errors="0">
  <testcase name="role" time="2.135" classname="com.ebanking.master.Multiply_RoleNg"/>
  <testcase name="role" time="7.821" classname="com.ebanking.master.Multiply_RoleNg"/>
  <testcase name="role" time="2.038" classname="com.ebanking.master.Multiply_RoleNg"/>
</testsuite> <!-- com.ebanking.master.Multiply_RoleNg -->
