<?xml version="1.0" encoding="UTF-8"?>
<!-- Generated by org.testng.reporters.JUnitReportReporter -->
<testsuite skipped="0" hostname="DESKTOP-HKNTGCF" name="com.ebanking.master.Exepom" tests="1" failures="0" timestamp="07 May 2020 08:02:36 GMT" time="27.738" errors="0">
  <testcase name="rndHPLogin" time="27.738" classname="com.ebanking.master.Exepom"/>
</testsuite> <!-- com.ebanking.master.Exepom -->
